<?xml version="1.0" encoding="UTF-8"?>
<testng-results ignored="0" total="1" passed="1" failed="0" skipped="0">
  <reporter-output>
  </reporter-output>
  <suite started-at="2025-02-28T13:57:45 IST" name="Suite" finished-at="2025-02-28T13:58:16 IST" duration-ms="30981">
    <groups>
    </groups>
    <test started-at="2025-02-28T13:57:45 IST" name="Test" finished-at="2025-02-28T13:58:16 IST" duration-ms="30981">
      <class name="com.ShoppersStack_TestScripts.TC_002_Verify_user_is_able_to_delete_address_or_not_Test">
        <test-method is-config="true" signature="beforeSuite()[pri:0, instance:com.ShoppersStack_TestScripts.TC_002_Verify_user_is_able_to_delete_address_or_not_Test@3b0090a4]" started-at="2025-02-28T13:57:45 IST" name="beforeSuite" finished-at="2025-02-28T13:57:45 IST" duration-ms="15" status="PASS">
          <reporter-output>
          </reporter-output>
        </test-method> <!-- beforeSuite -->
        <test-method is-config="true" signature="beforeTest()[pri:0, instance:com.ShoppersStack_TestScripts.TC_002_Verify_user_is_able_to_delete_address_or_not_Test@3b0090a4]" started-at="2025-02-28T13:57:45 IST" name="beforeTest" finished-at="2025-02-28T13:57:45 IST" duration-ms="178" status="PASS">
          <reporter-output>
          </reporter-output>
        </test-method> <!-- beforeTest -->
        <test-method is-config="true" signature="beforeClass()[pri:0, instance:com.ShoppersStack_TestScripts.TC_002_Verify_user_is_able_to_delete_address_or_not_Test@3b0090a4]" started-at="2025-02-28T13:57:45 IST" name="beforeClass" finished-at="2025-02-28T13:57:50 IST" duration-ms="4268" status="PASS">
          <reporter-output>
          </reporter-output>
        </test-method> <!-- beforeClass -->
        <test-method is-config="true" signature="beforeMethod()[pri:0, instance:com.ShoppersStack_TestScripts.TC_002_Verify_user_is_able_to_delete_address_or_not_Test@3b0090a4]" started-at="2025-02-28T13:57:50 IST" name="beforeMethod" finished-at="2025-02-28T13:58:03 IST" duration-ms="12945" status="PASS">
          <reporter-output>
          </reporter-output>
        </test-method> <!-- beforeMethod -->
        <test-method signature="deleteAddress()[pri:0, instance:com.ShoppersStack_TestScripts.TC_002_Verify_user_is_able_to_delete_address_or_not_Test@3b0090a4]" started-at="2025-02-28T13:58:03 IST" name="deleteAddress" finished-at="2025-02-28T13:58:11 IST" duration-ms="8567" status="PASS">
          <reporter-output>
          </reporter-output>
        </test-method> <!-- deleteAddress -->
        <test-method is-config="true" signature="afterMethod()[pri:0, instance:com.ShoppersStack_TestScripts.TC_002_Verify_user_is_able_to_delete_address_or_not_Test@3b0090a4]" started-at="2025-02-28T13:58:11 IST" name="afterMethod" finished-at="2025-02-28T13:58:12 IST" duration-ms="998" status="PASS">
          <reporter-output>
          </reporter-output>
        </test-method> <!-- afterMethod -->
        <test-method is-config="true" signature="afterClass()[pri:0, instance:com.ShoppersStack_TestScripts.TC_002_Verify_user_is_able_to_delete_address_or_not_Test@3b0090a4]" started-at="2025-02-28T13:58:12 IST" name="afterClass" finished-at="2025-02-28T13:58:16 IST" duration-ms="3490" status="PASS">
          <reporter-output>
          </reporter-output>
        </test-method> <!-- afterClass -->
        <test-method is-config="true" signature="afterTest()[pri:0, instance:com.ShoppersStack_TestScripts.TC_002_Verify_user_is_able_to_delete_address_or_not_Test@3b0090a4]" started-at="2025-02-28T13:58:16 IST" name="afterTest" finished-at="2025-02-28T13:58:16 IST" duration-ms="492" status="PASS">
          <reporter-output>
          </reporter-output>
        </test-method> <!-- afterTest -->
        <test-method is-config="true" signature="afterSuite()[pri:0, instance:com.ShoppersStack_TestScripts.TC_002_Verify_user_is_able_to_delete_address_or_not_Test@3b0090a4]" started-at="2025-02-28T13:58:16 IST" name="afterSuite" finished-at="2025-02-28T13:58:16 IST" duration-ms="0" status="PASS">
          <reporter-output>
          </reporter-output>
        </test-method> <!-- afterSuite -->
      </class> <!-- com.ShoppersStack_TestScripts.TC_002_Verify_user_is_able_to_delete_address_or_not_Test -->
    </test> <!-- Test -->
  </suite> <!-- Suite -->
</testng-results>
